<?xml version="1.0" encoding="UTF-8"?>
<testsuite xmlns:xsi="http://www.w3.org/2001/XMLSchema-instance" xsi:noNamespaceSchemaLocation="https://maven.apache.org/surefire/maven-surefire-plugin/xsd/surefire-test-report.xsd" name="demo.task1.AccountDaoTest" time="1.691" tests="7" errors="0" skipped="0" failures="0">
  <properties>
[...]
</properties>
  <testcase name="testSaveWithGroups" classname="demo.task1.AccountDaoTest" time="1.619"/>
  <testcase name="testSave" classname="demo.task1.AccountDaoTest" time="0.005"/>
  <testcase name="testSaveUniqueLogin" classname="demo.task1.AccountDaoTest" time="0.016"/>
  <testcase name="testUpdateWithGroups" classname="demo.task1.AccountDaoTest" time="0.015"/>
  <testcase name="testDelete" classname="demo.task1.AccountDaoTest" time="0.005"/>
  <testcase name="testSelect" classname="demo.task1.AccountDaoTest" time="0.011"/>
  <testcase name="testUpdate" classname="demo.task1.AccountDaoTest" time="0.008"/>
</testsuite>